<?xml version="1.0" encoding="UTF-8"?>
<!-- Generated by org.testng.reporters.JUnitXMLReporter -->
<testsuite ignored="1" hostname="TestGroup" failures="1" tests="1" name="login" time="0.052" errors="0" timestamp="2025-06-17T15:05:40 CLT">
  <testcase classname="main.java.pageEvents.CC_PasosFuncionales2" name="iniciarSesionTest" time="0.012">
    <failure type="java.lang.NullPointerException" message="Cannot invoke &amp;quot;com.aventstack.extentreports.ExtentTest.warning(String)&amp;quot; because &amp;quot;test.java.GG_BaseTest.logger&amp;quot; is null">
      <![CDATA[java.lang.NullPointerException: Cannot invoke "com.aventstack.extentreports.ExtentTest.warning(String)" because "test.java.GG_BaseTest.logger" is null
at main.java.utils.GG_Utils.eventFailed(GG_Utils.java:34)
at main.java.pageEvents.CC_PasosFuncionales2.iniciarSesionTest(CC_PasosFuncionales2.java:68)
at java.base/java.util.ArrayList.forEach(ArrayList.java:1596)
... Removed 25 stack frames]]>
    </failure>
  </testcase> <!-- iniciarSesionTest -->
  <testcase classname="test.java.previred.CC_Test" name="CC_QA_Automatizacion" time="0.0">
    <ignored/>
  </testcase> <!-- CC_QA_Automatizacion -->
</testsuite> <!-- login -->
