<?xml version="1.0" encoding="UTF-8"?>
<testsuite xmlns:xsi="http://www.w3.org/2001/XMLSchema-instance" xsi:schemaLocation="https://maven.apache.org/surefire/maven-surefire-plugin/xsd/surefire-test-report.xsd" name="TestSuite" time="403.118" tests="4" errors="0" skipped="0" failures="0">
  <properties>
[...]
</properties>
  <testcase name="Flujo_Sagcom" classname="test.java.previred.CU002_Enfermo_terminal" time="65.984"/>
  <testcase name="Flujo_Sagcom_Administrativo" classname="test.java.previred.CU002_Enfermo_terminal" time="123.049"/>
  <testcase name="Flujo_Sagcom_Medico" classname="test.java.previred.CU002_Enfermo_terminal" time="85.088"/>
  <testcase name="Flujo_Sagcom_Administrativo1" classname="test.java.previred.CU002_Enfermo_terminal" time="114.561"/>
</testsuite>