<?xml version="1.0" encoding="UTF-8"?>
<testng-results ignored="2" total="6" passed="4" failed="0" skipped="0">
  <reporter-output>
  </reporter-output>
  <suite started-at="2025-08-09T15:18:21 CLT" name="Sample Test Suite" finished-at="2025-08-09T15:25:04 CLT" duration-ms="402730">
    <groups>
    </groups>
    <test started-at="2025-08-09T15:18:21 CLT" name="Test Automation" finished-at="2025-08-09T15:25:04 CLT" duration-ms="402730">
      <class name="test.java.previred.CC_Test">
        <test-method is-config="true" signature="setupReport()[pri:0, instance:test.java.previred.CC_Test@399f45b1]" started-at="2025-08-09T15:18:21 CLT" name="setupReport" finished-at="2025-08-09T15:18:21 CLT" duration-ms="210" status="PASS">
          <reporter-output>
          </reporter-output>
        </test-method> <!-- setupReport -->
        <test-method is-config="true" signature="finalizeReport()[pri:0, instance:test.java.previred.CC_Test@399f45b1]" started-at="2025-08-09T15:25:03 CLT" name="finalizeReport" finished-at="2025-08-09T15:25:04 CLT" duration-ms="320" status="PASS">
          <reporter-output>
          </reporter-output>
        </test-method> <!-- finalizeReport -->
      </class> <!-- test.java.previred.CC_Test -->
      <class name="test.java.previred.CU002_Enfermo_terminal">
        <test-method is-config="true" signature="setupDriver(java.lang.String,java.lang.reflect.Method)[pri:0, instance:test.java.previred.CU002_Enfermo_terminal@7f3b84b8]" started-at="2025-08-09T15:18:21 CLT" name="setupDriver" finished-at="2025-08-09T15:18:26 CLT" duration-ms="5328" status="PASS">
          <params>
            <param index="0">
              <value>
                <![CDATA[chrome]]>
              </value>
            </param>
            <param index="1">
              <value>
                <![CDATA[public void test.java.previred.CU002_Enfermo_terminal.Flujo_Sagcom(java.lang.String[]) throws java.lang.InterruptedException]]>
              </value>
            </param>
          </params>
          <reporter-output>
          </reporter-output>
        </test-method> <!-- setupDriver -->
        <test-method signature="Flujo_Sagcom([Ljava.lang.String;)[pri:1, instance:test.java.previred.CU002_Enfermo_terminal@7f3b84b8]" started-at="2025-08-09T15:18:26 CLT" name="Flujo_Sagcom" data-provider="Data" finished-at="2025-08-09T15:19:32 CLT" duration-ms="65815" status="PASS">
          <params>
            <param index="0">
              <value>
                <![CDATA[[Ljava.lang.String;@342e690b]]>
              </value>
            </param>
          </params>
          <reporter-output>
          </reporter-output>
        </test-method> <!-- Flujo_Sagcom -->
        <test-method is-config="true" signature="tearDown(org.testng.ITestResult)[pri:0, instance:test.java.previred.CU002_Enfermo_terminal@7f3b84b8]" started-at="2025-08-09T15:19:32 CLT" name="tearDown" finished-at="2025-08-09T15:19:32 CLT" duration-ms="16" status="PASS">
          <params>
            <param index="0">
              <value>
                <![CDATA[[TestResult name=Flujo_Sagcom status=SUCCESS method=CU002_Enfermo_terminal.Flujo_Sagcom([Ljava.lang.String;)[pri:1, instance:test.java.previred.CU002_Enfermo_terminal@7f3b84b8] output={null}]]]>
              </value>
            </param>
          </params>
          <reporter-output>
          </reporter-output>
        </test-method> <!-- tearDown -->
        <test-method is-config="true" signature="setupDriver(java.lang.String,java.lang.reflect.Method)[pri:0, instance:test.java.previred.CU002_Enfermo_terminal@7f3b84b8]" started-at="2025-08-09T15:19:32 CLT" name="setupDriver" finished-at="2025-08-09T15:19:35 CLT" duration-ms="2767" status="PASS">
          <params>
            <param index="0">
              <value>
                <![CDATA[chrome]]>
              </value>
            </param>
            <param index="1">
              <value>
                <![CDATA[public void test.java.previred.CU002_Enfermo_terminal.Flujo_Sagcom_Administrativo(java.lang.String[]) throws java.lang.InterruptedException]]>
              </value>
            </param>
          </params>
          <reporter-output>
          </reporter-output>
        </test-method> <!-- setupDriver -->
        <test-method signature="Flujo_Sagcom_Administrativo([Ljava.lang.String;)[pri:2, instance:test.java.previred.CU002_Enfermo_terminal@7f3b84b8]" started-at="2025-08-09T15:19:35 CLT" name="Flujo_Sagcom_Administrativo" data-provider="Data1" finished-at="2025-08-09T15:21:38 CLT" duration-ms="122849" status="PASS">
          <params>
            <param index="0">
              <value>
                <![CDATA[[Ljava.lang.String;@2fb25f4c]]>
              </value>
            </param>
          </params>
          <reporter-output>
          </reporter-output>
        </test-method> <!-- Flujo_Sagcom_Administrativo -->
        <test-method is-config="true" signature="tearDown(org.testng.ITestResult)[pri:0, instance:test.java.previred.CU002_Enfermo_terminal@7f3b84b8]" started-at="2025-08-09T15:21:38 CLT" name="tearDown" finished-at="2025-08-09T15:21:38 CLT" duration-ms="20" status="PASS">
          <params>
            <param index="0">
              <value>
                <![CDATA[[TestResult name=Flujo_Sagcom_Administrativo status=SUCCESS method=CU002_Enfermo_terminal.Flujo_Sagcom_Administrativo([Ljava.lang.String;)[pri:2, instance:test.java.previred.CU002_Enfermo_terminal@7f3b84b8] output={null}]]]>
              </value>
            </param>
          </params>
          <reporter-output>
          </reporter-output>
        </test-method> <!-- tearDown -->
        <test-method is-config="true" signature="setupDriver(java.lang.String,java.lang.reflect.Method)[pri:0, instance:test.java.previred.CU002_Enfermo_terminal@7f3b84b8]" started-at="2025-08-09T15:21:38 CLT" name="setupDriver" finished-at="2025-08-09T15:21:41 CLT" duration-ms="2738" status="PASS">
          <params>
            <param index="0">
              <value>
                <![CDATA[chrome]]>
              </value>
            </param>
            <param index="1">
              <value>
                <![CDATA[public void test.java.previred.CU002_Enfermo_terminal.Flujo_Sagcom_Medico(java.lang.String[]) throws java.lang.InterruptedException]]>
              </value>
            </param>
          </params>
          <reporter-output>
          </reporter-output>
        </test-method> <!-- setupDriver -->
        <test-method signature="Flujo_Sagcom_Medico([Ljava.lang.String;)[pri:3, instance:test.java.previred.CU002_Enfermo_terminal@7f3b84b8]" started-at="2025-08-09T15:21:41 CLT" name="Flujo_Sagcom_Medico" data-provider="Data2" finished-at="2025-08-09T15:23:06 CLT" duration-ms="84962" status="PASS">
          <params>
            <param index="0">
              <value>
                <![CDATA[[Ljava.lang.String;@de81be1]]>
              </value>
            </param>
          </params>
          <reporter-output>
          </reporter-output>
        </test-method> <!-- Flujo_Sagcom_Medico -->
        <test-method is-config="true" signature="tearDown(org.testng.ITestResult)[pri:0, instance:test.java.previred.CU002_Enfermo_terminal@7f3b84b8]" started-at="2025-08-09T15:23:06 CLT" name="tearDown" finished-at="2025-08-09T15:23:06 CLT" duration-ms="9" status="PASS">
          <params>
            <param index="0">
              <value>
                <![CDATA[[TestResult name=Flujo_Sagcom_Medico status=SUCCESS method=CU002_Enfermo_terminal.Flujo_Sagcom_Medico([Ljava.lang.String;)[pri:3, instance:test.java.previred.CU002_Enfermo_terminal@7f3b84b8] output={null}]]]>
              </value>
            </param>
          </params>
          <reporter-output>
          </reporter-output>
        </test-method> <!-- tearDown -->
        <test-method is-config="true" signature="setupDriver(java.lang.String,java.lang.reflect.Method)[pri:0, instance:test.java.previred.CU002_Enfermo_terminal@7f3b84b8]" started-at="2025-08-09T15:23:06 CLT" name="setupDriver" finished-at="2025-08-09T15:23:09 CLT" duration-ms="2573" status="PASS">
          <params>
            <param index="0">
              <value>
                <![CDATA[chrome]]>
              </value>
            </param>
            <param index="1">
              <value>
                <![CDATA[public void test.java.previred.CU002_Enfermo_terminal.Flujo_Sagcom_Administrativo1(java.lang.String[]) throws java.lang.InterruptedException]]>
              </value>
            </param>
          </params>
          <reporter-output>
          </reporter-output>
        </test-method> <!-- setupDriver -->
        <test-method signature="Flujo_Sagcom_Administrativo1([Ljava.lang.String;)[pri:4, instance:test.java.previred.CU002_Enfermo_terminal@7f3b84b8]" started-at="2025-08-09T15:23:09 CLT" name="Flujo_Sagcom_Administrativo1" data-provider="Data3" finished-at="2025-08-09T15:25:03 CLT" duration-ms="114362" status="PASS">
          <params>
            <param index="0">
              <value>
                <![CDATA[[Ljava.lang.String;@2e7bf7b7]]>
              </value>
            </param>
          </params>
          <reporter-output>
          </reporter-output>
        </test-method> <!-- Flujo_Sagcom_Administrativo1 -->
        <test-method is-config="true" signature="tearDown(org.testng.ITestResult)[pri:0, instance:test.java.previred.CU002_Enfermo_terminal@7f3b84b8]" started-at="2025-08-09T15:25:03 CLT" name="tearDown" finished-at="2025-08-09T15:25:03 CLT" duration-ms="13" status="PASS">
          <params>
            <param index="0">
              <value>
                <![CDATA[[TestResult name=Flujo_Sagcom_Administrativo1 status=SUCCESS method=CU002_Enfermo_terminal.Flujo_Sagcom_Administrativo1([Ljava.lang.String;)[pri:4, instance:test.java.previred.CU002_Enfermo_terminal@7f3b84b8] output={null}]]]>
              </value>
            </param>
          </params>
          <reporter-output>
          </reporter-output>
        </test-method> <!-- tearDown -->
      </class> <!-- test.java.previred.CU002_Enfermo_terminal -->
    </test> <!-- Test Automation -->
  </suite> <!-- Sample Test Suite -->
</testng-results>
