<?xml version="1.0" encoding="UTF-8"?>
<!-- Generated by org.testng.reporters.JUnitXMLReporter -->
<testsuite ignored="2" hostname="TestGroup" failures="0" tests="4" name="Test Automation" time="402.73" errors="0" timestamp="2025-08-09T15:25:04 CLT">
  <testcase classname="test.java.previred.CU002_Enfermo_terminal" name="Flujo_Sagcom" time="65.815"/>
  <testcase classname="test.java.previred.CU002_Enfermo_terminal" name="Flujo_Sagcom_Administrativo" time="122.849"/>
  <testcase classname="test.java.previred.CU002_Enfermo_terminal" name="Flujo_Sagcom_Medico" time="84.962"/>
  <testcase classname="test.java.previred.CU002_Enfermo_terminal" name="Flujo_Sagcom_Administrativo1" time="114.362"/>
  <testcase classname="resource.java.GG_BaseTest" name="@BeforeTest setupReport" time="0.0">
    <ignored/>
  </testcase> <!-- @BeforeTest setupReport -->
  <testcase classname="resource.java.GG_BaseTest" name="@AfterTest finalizeReport" time="0.0">
    <ignored/>
  </testcase> <!-- @AfterTest finalizeReport -->
</testsuite> <!-- Test Automation -->
